<?xml version="1.0" encoding="UTF-8" ?>
<testsuite failures="0" time="42.373" errors="5" skipped="0" tests="5" name="ct4h5.test.NineTest">
  <properties>
    <property name="java.runtime.name" value="Java(TM) SE Runtime Environment"/>
    <property name="sun.boot.library.path" value="D:\Java\jdk1.6.0_10\jre\bin"/>
    <property name="java.vm.version" value="11.0-b15"/>
    <property name="java.vm.vendor" value="Sun Microsystems Inc."/>
    <property name="java.vendor.url" value="http://java.sun.com/"/>
    <property name="path.separator" value=";"/>
    <property name="java.vm.name" value="Java HotSpot(TM) Client VM"/>
    <property name="file.encoding.pkg" value="sun.io"/>
    <property name="user.country" value="CN"/>
    <property name="sun.java.launcher" value="SUN_STANDARD"/>
    <property name="sun.os.patch.level" value="Service Pack 1"/>
    <property name="java.vm.specification.name" value="Java Virtual Machine Specification"/>
    <property name="user.dir" value="D:\Android\ct4h5"/>
    <property name="java.runtime.version" value="1.6.0_10-rc2-b32"/>
    <property name="java.awt.graphicsenv" value="sun.awt.Win32GraphicsEnvironment"/>
    <property name="basedir" value="D:\Android\ct4h5"/>
    <property name="java.endorsed.dirs" value="D:\Java\jdk1.6.0_10\jre\lib\endorsed"/>
    <property name="os.arch" value="x86"/>
    <property name="surefire.real.class.path" value="C:\Users\WB-CHE~1\AppData\Local\Temp\surefirebooter18798.jar"/>
    <property name="java.io.tmpdir" value="C:\Users\WB-CHE~1\AppData\Local\Temp\"/>
    <property name="line.separator" value="
"/>
    <property name="java.vm.specification.vendor" value="Sun Microsystems Inc."/>
    <property name="user.variant" value=""/>
    <property name="os.name" value="Windows Vista"/>
    <property name="sun.jnu.encoding" value="GBK"/>
    <property name="java.library.path" value="D:\Java\jdk1.6.0_10\jre\bin;.;C:\Windows\Sun\Java\bin;C:\Windows\system32;C:\Windows;D:\Android\android-studio\sdk\platform-tools;D:\Android\apktool;C:\Program Files\Google\Chrome\Application;D:\Android\android-studio\sdk\tools;D:\tomcat\bin;D:\aliyun\aigoooo\mysql\mysql-5.6.14-win32\bin;D:\PowerCmd;D:\cygwin;C:\Python27\;D:\Java\jdk1.6.0_10\bin;D:\maven\bin;C:\Python33\;C:\Ruby192\bin;C:\Windows\system32;C:\Windows;C:\Windows\System32\Wbem;C:\Windows\System32\WindowsPowerShell\v1.0\;D:\maven\bin;D:\Java\jdk1.6.0_10\bin;D:\e;D:\aliyun\study\powershelll;d:\Git\cmd;d:\Git\bin;D:\Program Files\TortoiseSVN\bin;C:\Program Files\nodejs"/>
    <property name="surefire.test.class.path" value="D:\Android\ct4h5\target\test-classes;D:\Android\ct4h5\target\classes;D:\repos\com\taobao\test\sword.android.client\0.1-SNAPSHOT\sword.android.client-0.1-SNAPSHOT.jar;D:\repos\com\alibaba\fastjson\1.1.23\fastjson-1.1.23.jar;D:\repos\com\taobao\test\sword.android.common\0.1-SNAPSHOT\sword.android.common-0.1-SNAPSHOT.jar;D:\repos\commons-lang\commons-lang\2.6\commons-lang-2.6.jar;D:\repos\commons-beanutils\commons-beanutils\1.7.0\commons-beanutils-1.7.0.jar;D:\repos\commons-logging\commons-logging\1.1.1\commons-logging-1.1.1.jar;D:\repos\org\apache\httpcomponents\httpclient\4.1.2\httpclient-4.1.2.jar;D:\repos\org\apache\httpcomponents\httpcore\4.1.2\httpcore-4.1.2.jar;D:\repos\commons-codec\commons-codec\1.4\commons-codec-1.4.jar;D:\repos\com\android\tools\ddms\ddmlib\22.4.2\ddmlib-22.4.2.jar;D:\repos\net\sf\kxml\kxml2\2.3.0\kxml2-2.3.0.jar;D:\repos\com\android\tools\common\22.4.2\common-22.4.2.jar;D:\repos\com\google\guava\guava\13.0.1\guava-13.0.1.jar;D:\repos\commons-io\commons-io\2.4\commons-io-2.4.jar;D:\repos\log4j\log4j\1.2.15\log4j-1.2.15.jar;D:\repos\javax\mail\mail\1.4\mail-1.4.jar;D:\repos\javax\activation\activation\1.1\activation-1.1.jar;D:\repos\javax\jms\jms\1.1\jms-1.1.jar;D:\repos\com\sun\jdmk\jmxtools\1.2.1\jmxtools-1.2.1.jar;D:\repos\com\sun\jmx\jmxri\1.2.1\jmxri-1.2.1.jar;D:\repos\org\apache\velocity\velocity\1.6.4\velocity-1.6.4.jar;D:\repos\commons-collections\commons-collections\3.2.1\commons-collections-3.2.1.jar;D:\repos\oro\oro\2.0.8\oro-2.0.8.jar;D:\repos\com\taobao\software\apktool\1.4.3\apktool-1.4.3.jar;D:\repos\org\apache\commons\commons-compress\1.4.1\commons-compress-1.4.1.jar;D:\repos\org\tukaani\xz\1.0\xz-1.0.jar;D:\repos\junit\junit\4.4\junit-4.4.jar;"/>
    <property name="java.specification.name" value="Java Platform API Specification"/>
    <property name="java.class.version" value="50.0"/>
    <property name="sun.management.compiler" value="HotSpot Client Compiler"/>
    <property name="os.version" value="6.1"/>
    <property name="user.home" value="C:\Users\wb-chenguangjian"/>
    <property name="user.timezone" value=""/>
    <property name="java.awt.printerjob" value="sun.awt.windows.WPrinterJob"/>
    <property name="java.specification.version" value="1.6"/>
    <property name="file.encoding" value="GBK"/>
    <property name="user.name" value="wb-chenguangjian"/>
    <property name="java.class.path" value="D:\Android\ct4h5\target\test-classes;D:\Android\ct4h5\target\classes;D:\repos\com\taobao\test\sword.android.client\0.1-SNAPSHOT\sword.android.client-0.1-SNAPSHOT.jar;D:\repos\com\alibaba\fastjson\1.1.23\fastjson-1.1.23.jar;D:\repos\com\taobao\test\sword.android.common\0.1-SNAPSHOT\sword.android.common-0.1-SNAPSHOT.jar;D:\repos\commons-lang\commons-lang\2.6\commons-lang-2.6.jar;D:\repos\commons-beanutils\commons-beanutils\1.7.0\commons-beanutils-1.7.0.jar;D:\repos\commons-logging\commons-logging\1.1.1\commons-logging-1.1.1.jar;D:\repos\org\apache\httpcomponents\httpclient\4.1.2\httpclient-4.1.2.jar;D:\repos\org\apache\httpcomponents\httpcore\4.1.2\httpcore-4.1.2.jar;D:\repos\commons-codec\commons-codec\1.4\commons-codec-1.4.jar;D:\repos\com\android\tools\ddms\ddmlib\22.4.2\ddmlib-22.4.2.jar;D:\repos\net\sf\kxml\kxml2\2.3.0\kxml2-2.3.0.jar;D:\repos\com\android\tools\common\22.4.2\common-22.4.2.jar;D:\repos\com\google\guava\guava\13.0.1\guava-13.0.1.jar;D:\repos\commons-io\commons-io\2.4\commons-io-2.4.jar;D:\repos\log4j\log4j\1.2.15\log4j-1.2.15.jar;D:\repos\javax\mail\mail\1.4\mail-1.4.jar;D:\repos\javax\activation\activation\1.1\activation-1.1.jar;D:\repos\javax\jms\jms\1.1\jms-1.1.jar;D:\repos\com\sun\jdmk\jmxtools\1.2.1\jmxtools-1.2.1.jar;D:\repos\com\sun\jmx\jmxri\1.2.1\jmxri-1.2.1.jar;D:\repos\org\apache\velocity\velocity\1.6.4\velocity-1.6.4.jar;D:\repos\commons-collections\commons-collections\3.2.1\commons-collections-3.2.1.jar;D:\repos\oro\oro\2.0.8\oro-2.0.8.jar;D:\repos\com\taobao\software\apktool\1.4.3\apktool-1.4.3.jar;D:\repos\org\apache\commons\commons-compress\1.4.1\commons-compress-1.4.1.jar;D:\repos\org\tukaani\xz\1.0\xz-1.0.jar;D:\repos\junit\junit\4.4\junit-4.4.jar;"/>
    <property name="java.vm.specification.version" value="1.0"/>
    <property name="sun.arch.data.model" value="32"/>
    <property name="java.home" value="D:\Java\jdk1.6.0_10\jre"/>
    <property name="java.specification.vendor" value="Sun Microsystems Inc."/>
    <property name="user.language" value="zh"/>
    <property name="awt.toolkit" value="sun.awt.windows.WToolkit"/>
    <property name="java.vm.info" value="mixed mode, sharing"/>
    <property name="java.version" value="1.6.0_10-rc2"/>
    <property name="java.ext.dirs" value="D:\Java\jdk1.6.0_10\jre\lib\ext;C:\Windows\Sun\Java\lib\ext"/>
    <property name="sun.boot.class.path" value="D:\Java\jdk1.6.0_10\jre\lib\resources.jar;D:\Java\jdk1.6.0_10\jre\lib\rt.jar;D:\Java\jdk1.6.0_10\jre\lib\sunrsasign.jar;D:\Java\jdk1.6.0_10\jre\lib\jsse.jar;D:\Java\jdk1.6.0_10\jre\lib\jce.jar;D:\Java\jdk1.6.0_10\jre\lib\charsets.jar;D:\Java\jdk1.6.0_10\jre\classes"/>
    <property name="java.vendor" value="Sun Microsystems Inc."/>
    <property name="localRepository" value="D:\repos"/>
    <property name="file.separator" value="\"/>
    <property name="java.vendor.url.bug" value="http://java.sun.com/cgi-bin/bugreport.cgi"/>
    <property name="sun.cpu.endian" value="little"/>
    <property name="sun.io.unicode.encoding" value="UnicodeLittle"/>
    <property name="sun.desktop" value="windows"/>
    <property name="sun.cpu.isalist" value="pentium_pro+mmx pentium_pro pentium+mmx pentium i486 i386 i86"/>
  </properties>
  <testcase time="7.537" classname="ct4h5.test.NineTest" name="testNine[0]">
    <error message="org/openqa/selenium/android/AndroidDriver" type="java.lang.NoClassDefFoundError">java.lang.NoClassDefFoundError: org/openqa/selenium/android/AndroidDriver
	at ct4h5.test.NineTest.testNine(NineTest.java:123)
	at sun.reflect.NativeMethodAccessorImpl.invoke0(Native Method)
	at sun.reflect.NativeMethodAccessorImpl.invoke(NativeMethodAccessorImpl.java:39)
	at sun.reflect.DelegatingMethodAccessorImpl.invoke(DelegatingMethodAccessorImpl.java:25)
	at java.lang.reflect.Method.invoke(Method.java:597)
	at org.junit.internal.runners.TestMethod.invoke(TestMethod.java:59)
	at org.junit.internal.runners.MethodRoadie.runTestMethod(MethodRoadie.java:98)
	at org.junit.internal.runners.MethodRoadie$2.run(MethodRoadie.java:79)
	at org.junit.internal.runners.MethodRoadie.runBeforesThenTestThenAfters(MethodRoadie.java:87)
	at org.junit.internal.runners.MethodRoadie.runTest(MethodRoadie.java:77)
	at org.junit.internal.runners.MethodRoadie.run(MethodRoadie.java:42)
	at org.junit.internal.runners.JUnit4ClassRunner.invokeTestMethod(JUnit4ClassRunner.java:88)
	at org.junit.internal.runners.JUnit4ClassRunner.runMethods(JUnit4ClassRunner.java:51)
	at org.junit.runners.Parameterized$TestClassRunnerForParameters.run(Parameterized.java:98)
	at org.junit.internal.runners.CompositeRunner.runChildren(CompositeRunner.java:33)
	at org.junit.runners.Parameterized.access$000(Parameterized.java:55)
	at org.junit.runners.Parameterized$1.run(Parameterized.java:131)
	at org.junit.internal.runners.ClassRoadie.runUnprotected(ClassRoadie.java:27)
	at org.junit.internal.runners.ClassRoadie.runProtected(ClassRoadie.java:37)
	at org.junit.runners.Parameterized.run(Parameterized.java:129)
	at org.apache.maven.surefire.junit4.JUnit4TestSet.execute(JUnit4TestSet.java:62)
	at org.apache.maven.surefire.suite.AbstractDirectoryTestSuite.executeTestSet(AbstractDirectoryTestSuite.java:140)
	at org.apache.maven.surefire.suite.AbstractDirectoryTestSuite.execute(AbstractDirectoryTestSuite.java:127)
	at org.apache.maven.surefire.Surefire.run(Surefire.java:177)
	at sun.reflect.NativeMethodAccessorImpl.invoke0(Native Method)
	at sun.reflect.NativeMethodAccessorImpl.invoke(NativeMethodAccessorImpl.java:39)
	at sun.reflect.DelegatingMethodAccessorImpl.invoke(DelegatingMethodAccessorImpl.java:25)
	at java.lang.reflect.Method.invoke(Method.java:597)
	at org.apache.maven.surefire.booter.SurefireBooter.runSuitesInProcess(SurefireBooter.java:345)
	at org.apache.maven.surefire.booter.SurefireBooter.main(SurefireBooter.java:1009)
Caused by: java.lang.ClassNotFoundException: org.openqa.selenium.android.AndroidDriver
	at java.net.URLClassLoader$1.run(URLClassLoader.java:200)
	at java.security.AccessController.doPrivileged(Native Method)
	at java.net.URLClassLoader.findClass(URLClassLoader.java:188)
	at java.lang.ClassLoader.loadClass(ClassLoader.java:307)
	at sun.misc.Launcher$AppClassLoader.loadClass(Launcher.java:301)
	at java.lang.ClassLoader.loadClass(ClassLoader.java:252)
	at java.lang.ClassLoader.loadClassInternal(ClassLoader.java:320)
	... 30 more
</error>
    <system-out>$adb -s 0123456789ABCDEF uninstall org.openqa.selenium.android.app
Failure

$adb -s 0123456789ABCDEF install -r D:/Android/ct4h5/android-server.apk
	pkg: /data/local/tmp/android-server.apk

Success

$adb -s 0123456789ABCDEF shell am start -a android.intent.action.MAIN -n org.openqa.selenium.android.app/.MainActivity -e debug true
Starting: Intent { act=android.intent.action.MAIN cmp=org.openqa.selenium.android.app/.MainActivity (has extras) }

$adb -s 0123456789ABCDEF forward tcp:8080 tcp:8080
</system-out>
  </testcase>
  <testcase time="5.353" classname="ct4h5.test.NineTest" name="testNine[1]">
    <error message="org/openqa/selenium/android/AndroidDriver" type="java.lang.NoClassDefFoundError">java.lang.NoClassDefFoundError: org/openqa/selenium/android/AndroidDriver
	at ct4h5.test.NineTest.testNine(NineTest.java:123)
	at sun.reflect.NativeMethodAccessorImpl.invoke0(Native Method)
	at sun.reflect.NativeMethodAccessorImpl.invoke(NativeMethodAccessorImpl.java:39)
	at sun.reflect.DelegatingMethodAccessorImpl.invoke(DelegatingMethodAccessorImpl.java:25)
	at java.lang.reflect.Method.invoke(Method.java:597)
	at org.junit.internal.runners.TestMethod.invoke(TestMethod.java:59)
	at org.junit.internal.runners.MethodRoadie.runTestMethod(MethodRoadie.java:98)
	at org.junit.internal.runners.MethodRoadie$2.run(MethodRoadie.java:79)
	at org.junit.internal.runners.MethodRoadie.runBeforesThenTestThenAfters(MethodRoadie.java:87)
	at org.junit.internal.runners.MethodRoadie.runTest(MethodRoadie.java:77)
	at org.junit.internal.runners.MethodRoadie.run(MethodRoadie.java:42)
	at org.junit.internal.runners.JUnit4ClassRunner.invokeTestMethod(JUnit4ClassRunner.java:88)
	at org.junit.internal.runners.JUnit4ClassRunner.runMethods(JUnit4ClassRunner.java:51)
	at org.junit.runners.Parameterized$TestClassRunnerForParameters.run(Parameterized.java:98)
	at org.junit.internal.runners.CompositeRunner.runChildren(CompositeRunner.java:33)
	at org.junit.runners.Parameterized.access$000(Parameterized.java:55)
	at org.junit.runners.Parameterized$1.run(Parameterized.java:131)
	at org.junit.internal.runners.ClassRoadie.runUnprotected(ClassRoadie.java:27)
	at org.junit.internal.runners.ClassRoadie.runProtected(ClassRoadie.java:37)
	at org.junit.runners.Parameterized.run(Parameterized.java:129)
	at org.apache.maven.surefire.junit4.JUnit4TestSet.execute(JUnit4TestSet.java:62)
	at org.apache.maven.surefire.suite.AbstractDirectoryTestSuite.executeTestSet(AbstractDirectoryTestSuite.java:140)
	at org.apache.maven.surefire.suite.AbstractDirectoryTestSuite.execute(AbstractDirectoryTestSuite.java:127)
	at org.apache.maven.surefire.Surefire.run(Surefire.java:177)
	at sun.reflect.NativeMethodAccessorImpl.invoke0(Native Method)
	at sun.reflect.NativeMethodAccessorImpl.invoke(NativeMethodAccessorImpl.java:39)
	at sun.reflect.DelegatingMethodAccessorImpl.invoke(DelegatingMethodAccessorImpl.java:25)
	at java.lang.reflect.Method.invoke(Method.java:597)
	at org.apache.maven.surefire.booter.SurefireBooter.runSuitesInProcess(SurefireBooter.java:345)
	at org.apache.maven.surefire.booter.SurefireBooter.main(SurefireBooter.java:1009)
</error>
    <system-out>$adb -s 4d004077b4369049 uninstall org.openqa.selenium.android.app
Failure

$adb -s 4d004077b4369049 install -r D:/Android/ct4h5/android-server.apk
	pkg: /data/local/tmp/android-server.apk

Success

$adb -s 4d004077b4369049 shell am start -a android.intent.action.MAIN -n org.openqa.selenium.android.app/.MainActivity -e debug true
Starting: Intent { act=android.intent.action.MAIN cmp=org.openqa.selenium.android.app/.MainActivity (has extras) }

$adb -s 4d004077b4369049 forward tcp:8080 tcp:8080
</system-out>
  </testcase>
  <testcase time="6.444" classname="ct4h5.test.NineTest" name="testNine[2]">
    <error message="org/openqa/selenium/android/AndroidDriver" type="java.lang.NoClassDefFoundError">java.lang.NoClassDefFoundError: org/openqa/selenium/android/AndroidDriver
	at ct4h5.test.NineTest.testNine(NineTest.java:123)
	at sun.reflect.NativeMethodAccessorImpl.invoke0(Native Method)
	at sun.reflect.NativeMethodAccessorImpl.invoke(NativeMethodAccessorImpl.java:39)
	at sun.reflect.DelegatingMethodAccessorImpl.invoke(DelegatingMethodAccessorImpl.java:25)
	at java.lang.reflect.Method.invoke(Method.java:597)
	at org.junit.internal.runners.TestMethod.invoke(TestMethod.java:59)
	at org.junit.internal.runners.MethodRoadie.runTestMethod(MethodRoadie.java:98)
	at org.junit.internal.runners.MethodRoadie$2.run(MethodRoadie.java:79)
	at org.junit.internal.runners.MethodRoadie.runBeforesThenTestThenAfters(MethodRoadie.java:87)
	at org.junit.internal.runners.MethodRoadie.runTest(MethodRoadie.java:77)
	at org.junit.internal.runners.MethodRoadie.run(MethodRoadie.java:42)
	at org.junit.internal.runners.JUnit4ClassRunner.invokeTestMethod(JUnit4ClassRunner.java:88)
	at org.junit.internal.runners.JUnit4ClassRunner.runMethods(JUnit4ClassRunner.java:51)
	at org.junit.runners.Parameterized$TestClassRunnerForParameters.run(Parameterized.java:98)
	at org.junit.internal.runners.CompositeRunner.runChildren(CompositeRunner.java:33)
	at org.junit.runners.Parameterized.access$000(Parameterized.java:55)
	at org.junit.runners.Parameterized$1.run(Parameterized.java:131)
	at org.junit.internal.runners.ClassRoadie.runUnprotected(ClassRoadie.java:27)
	at org.junit.internal.runners.ClassRoadie.runProtected(ClassRoadie.java:37)
	at org.junit.runners.Parameterized.run(Parameterized.java:129)
	at org.apache.maven.surefire.junit4.JUnit4TestSet.execute(JUnit4TestSet.java:62)
	at org.apache.maven.surefire.suite.AbstractDirectoryTestSuite.executeTestSet(AbstractDirectoryTestSuite.java:140)
	at org.apache.maven.surefire.suite.AbstractDirectoryTestSuite.execute(AbstractDirectoryTestSuite.java:127)
	at org.apache.maven.surefire.Surefire.run(Surefire.java:177)
	at sun.reflect.NativeMethodAccessorImpl.invoke0(Native Method)
	at sun.reflect.NativeMethodAccessorImpl.invoke(NativeMethodAccessorImpl.java:39)
	at sun.reflect.DelegatingMethodAccessorImpl.invoke(DelegatingMethodAccessorImpl.java:25)
	at java.lang.reflect.Method.invoke(Method.java:597)
	at org.apache.maven.surefire.booter.SurefireBooter.runSuitesInProcess(SurefireBooter.java:345)
	at org.apache.maven.surefire.booter.SurefireBooter.main(SurefireBooter.java:1009)
</error>
    <system-out>$adb -s 022GPLDU3B002044 uninstall org.openqa.selenium.android.app
Failure

$adb -s 022GPLDU3B002044 install -r D:/Android/ct4h5/android-server.apk
	pkg: /data/local/tmp/android-server.apk

Success

$adb -s 022GPLDU3B002044 shell am start -a android.intent.action.MAIN -n org.openqa.selenium.android.app/.MainActivity -e debug true
Starting: Intent { act=android.intent.action.MAIN cmp=org.openqa.selenium.android.app/.MainActivity (has extras) }

$adb -s 022GPLDU3B002044 forward tcp:8080 tcp:8080
</system-out>
  </testcase>
  <testcase time="8.387" classname="ct4h5.test.NineTest" name="testNine[3]">
    <error message="org/openqa/selenium/android/AndroidDriver" type="java.lang.NoClassDefFoundError">java.lang.NoClassDefFoundError: org/openqa/selenium/android/AndroidDriver
	at ct4h5.test.NineTest.testNine(NineTest.java:123)
	at sun.reflect.NativeMethodAccessorImpl.invoke0(Native Method)
	at sun.reflect.NativeMethodAccessorImpl.invoke(NativeMethodAccessorImpl.java:39)
	at sun.reflect.DelegatingMethodAccessorImpl.invoke(DelegatingMethodAccessorImpl.java:25)
	at java.lang.reflect.Method.invoke(Method.java:597)
	at org.junit.internal.runners.TestMethod.invoke(TestMethod.java:59)
	at org.junit.internal.runners.MethodRoadie.runTestMethod(MethodRoadie.java:98)
	at org.junit.internal.runners.MethodRoadie$2.run(MethodRoadie.java:79)
	at org.junit.internal.runners.MethodRoadie.runBeforesThenTestThenAfters(MethodRoadie.java:87)
	at org.junit.internal.runners.MethodRoadie.runTest(MethodRoadie.java:77)
	at org.junit.internal.runners.MethodRoadie.run(MethodRoadie.java:42)
	at org.junit.internal.runners.JUnit4ClassRunner.invokeTestMethod(JUnit4ClassRunner.java:88)
	at org.junit.internal.runners.JUnit4ClassRunner.runMethods(JUnit4ClassRunner.java:51)
	at org.junit.runners.Parameterized$TestClassRunnerForParameters.run(Parameterized.java:98)
	at org.junit.internal.runners.CompositeRunner.runChildren(CompositeRunner.java:33)
	at org.junit.runners.Parameterized.access$000(Parameterized.java:55)
	at org.junit.runners.Parameterized$1.run(Parameterized.java:131)
	at org.junit.internal.runners.ClassRoadie.runUnprotected(ClassRoadie.java:27)
	at org.junit.internal.runners.ClassRoadie.runProtected(ClassRoadie.java:37)
	at org.junit.runners.Parameterized.run(Parameterized.java:129)
	at org.apache.maven.surefire.junit4.JUnit4TestSet.execute(JUnit4TestSet.java:62)
	at org.apache.maven.surefire.suite.AbstractDirectoryTestSuite.executeTestSet(AbstractDirectoryTestSuite.java:140)
	at org.apache.maven.surefire.suite.AbstractDirectoryTestSuite.execute(AbstractDirectoryTestSuite.java:127)
	at org.apache.maven.surefire.Surefire.run(Surefire.java:177)
	at sun.reflect.NativeMethodAccessorImpl.invoke0(Native Method)
	at sun.reflect.NativeMethodAccessorImpl.invoke(NativeMethodAccessorImpl.java:39)
	at sun.reflect.DelegatingMethodAccessorImpl.invoke(DelegatingMethodAccessorImpl.java:25)
	at java.lang.reflect.Method.invoke(Method.java:597)
	at org.apache.maven.surefire.booter.SurefireBooter.runSuitesInProcess(SurefireBooter.java:345)
	at org.apache.maven.surefire.booter.SurefireBooter.main(SurefireBooter.java:1009)
</error>
    <system-out>$adb -s 351BBHJN6LVP uninstall org.openqa.selenium.android.app
Failure

$adb -s 351BBHJN6LVP install -r D:/Android/ct4h5/android-server.apk
	pkg: /data/local/tmp/android-server.apk

Success

$adb -s 351BBHJN6LVP shell am start -a android.intent.action.MAIN -n org.openqa.selenium.android.app/.MainActivity -e debug true
Starting: Intent { act=android.intent.action.MAIN cmp=org.openqa.selenium.android.app/.MainActivity (has extras) }

$adb -s 351BBHJN6LVP forward tcp:8080 tcp:8080
</system-out>
  </testcase>
  <testcase time="7.055" classname="ct4h5.test.NineTest" name="testNine[4]">
    <error message="org/openqa/selenium/android/AndroidDriver" type="java.lang.NoClassDefFoundError">java.lang.NoClassDefFoundError: org/openqa/selenium/android/AndroidDriver
	at ct4h5.test.NineTest.testNine(NineTest.java:123)
	at sun.reflect.NativeMethodAccessorImpl.invoke0(Native Method)
	at sun.reflect.NativeMethodAccessorImpl.invoke(NativeMethodAccessorImpl.java:39)
	at sun.reflect.DelegatingMethodAccessorImpl.invoke(DelegatingMethodAccessorImpl.java:25)
	at java.lang.reflect.Method.invoke(Method.java:597)
	at org.junit.internal.runners.TestMethod.invoke(TestMethod.java:59)
	at org.junit.internal.runners.MethodRoadie.runTestMethod(MethodRoadie.java:98)
	at org.junit.internal.runners.MethodRoadie$2.run(MethodRoadie.java:79)
	at org.junit.internal.runners.MethodRoadie.runBeforesThenTestThenAfters(MethodRoadie.java:87)
	at org.junit.internal.runners.MethodRoadie.runTest(MethodRoadie.java:77)
	at org.junit.internal.runners.MethodRoadie.run(MethodRoadie.java:42)
	at org.junit.internal.runners.JUnit4ClassRunner.invokeTestMethod(JUnit4ClassRunner.java:88)
	at org.junit.internal.runners.JUnit4ClassRunner.runMethods(JUnit4ClassRunner.java:51)
	at org.junit.runners.Parameterized$TestClassRunnerForParameters.run(Parameterized.java:98)
	at org.junit.internal.runners.CompositeRunner.runChildren(CompositeRunner.java:33)
	at org.junit.runners.Parameterized.access$000(Parameterized.java:55)
	at org.junit.runners.Parameterized$1.run(Parameterized.java:131)
	at org.junit.internal.runners.ClassRoadie.runUnprotected(ClassRoadie.java:27)
	at org.junit.internal.runners.ClassRoadie.runProtected(ClassRoadie.java:37)
	at org.junit.runners.Parameterized.run(Parameterized.java:129)
	at org.apache.maven.surefire.junit4.JUnit4TestSet.execute(JUnit4TestSet.java:62)
	at org.apache.maven.surefire.suite.AbstractDirectoryTestSuite.executeTestSet(AbstractDirectoryTestSuite.java:140)
	at org.apache.maven.surefire.suite.AbstractDirectoryTestSuite.execute(AbstractDirectoryTestSuite.java:127)
	at org.apache.maven.surefire.Surefire.run(Surefire.java:177)
	at sun.reflect.NativeMethodAccessorImpl.invoke0(Native Method)
	at sun.reflect.NativeMethodAccessorImpl.invoke(NativeMethodAccessorImpl.java:39)
	at sun.reflect.DelegatingMethodAccessorImpl.invoke(DelegatingMethodAccessorImpl.java:25)
	at java.lang.reflect.Method.invoke(Method.java:597)
	at org.apache.maven.surefire.booter.SurefireBooter.runSuitesInProcess(SurefireBooter.java:345)
	at org.apache.maven.surefire.booter.SurefireBooter.main(SurefireBooter.java:1009)
</error>
    <system-out>$adb -s HC34WW907981 uninstall org.openqa.selenium.android.app
Failure

$adb -s HC34WW907981 install -r D:/Android/ct4h5/android-server.apk
	pkg: /data/local/tmp/android-server.apk

Success

$adb -s HC34WW907981 shell am start -a android.intent.action.MAIN -n org.openqa.selenium.android.app/.MainActivity -e debug true
Starting: Intent { act=android.intent.action.MAIN cmp=org.openqa.selenium.android.app/.MainActivity (has extras) }

$adb -s HC34WW907981 forward tcp:8080 tcp:8080
</system-out>
  </testcase>
</testsuite>